{"total": {"lines":{"total":626,"covered":577,"skipped":0,"pct":92.17},"statements":{"total":626,"covered":577,"skipped":0,"pct":92.17},"functions":{"total":34,"covered":34,"skipped":0,"pct":100},"branches":{"total":183,"covered":156,"skipped":0,"pct":85.24},"branchesTrue":{"total":0,"covered":0,"skipped":0,"pct":100}}
,"C:\\Users\\xiangjie.liu\\Desktop\\Personal\\My-Virtual-TechTeam\\src\\cli.ts": {"lines":{"total":30,"covered":30,"skipped":0,"pct":100},"functions":{"total":2,"covered":2,"skipped":0,"pct":100},"statements":{"total":30,"covered":30,"skipped":0,"pct":100},"branches":{"total":10,"covered":10,"skipped":0,"pct":100}}
,"C:\\Users\\xiangjie.liu\\Desktop\\Personal\\My-Virtual-TechTeam\\src\\build\\assembler.ts": {"lines":{"total":36,"covered":35,"skipped":0,"pct":97.22},"functions":{"total":3,"covered":3,"skipped":0,"pct":100},"statements":{"total":36,"covered":35,"skipped":0,"pct":97.22},"branches":{"total":7,"covered":5,"skipped":0,"pct":71.42}}
,"C:\\Users\\xiangjie.liu\\Desktop\\Personal\\My-Virtual-TechTeam\\src\\build\\section-loader.ts": {"lines":{"total":66,"covered":66,"skipped":0,"pct":100},"functions":{"total":4,"covered":4,"skipped":0,"pct":100},"statements":{"total":66,"covered":66,"skipped":0,"pct":100},"branches":{"total":29,"covered":28,"skipped":0,"pct":96.55}}
,"C:\\Users\\xiangjie.liu\\Desktop\\Personal\\My-Virtual-TechTeam\\src\\build\\validator.ts": {"lines":{"total":88,"covered":72,"skipped":0,"pct":81.81},"functions":{"total":3,"covered":3,"skipped":0,"pct":100},"statements":{"total":88,"covered":72,"skipped":0,"pct":81.81},"branches":{"total":31,"covered":20,"skipped":0,"pct":64.51}}
,"C:\\Users\\xiangjie.liu\\Desktop\\Personal\\My-Virtual-TechTeam\\src\\commands\\build.ts": {"lines":{"total":40,"covered":33,"skipped":0,"pct":82.5},"functions":{"total":1,"covered":1,"skipped":0,"pct":100},"statements":{"total":40,"covered":33,"skipped":0,"pct":82.5},"branches":{"total":8,"covered":3,"skipped":0,"pct":37.5}}
,"C:\\Users\\xiangjie.liu\\Desktop\\Personal\\My-Virtual-TechTeam\\src\\commands\\doctor.ts": {"lines":{"total":73,"covered":73,"skipped":0,"pct":100},"functions":{"total":2,"covered":2,"skipped":0,"pct":100},"statements":{"total":73,"covered":73,"skipped":0,"pct":100},"branches":{"total":36,"covered":36,"skipped":0,"pct":100}}
,"C:\\Users\\xiangjie.liu\\Desktop\\Personal\\My-Virtual-TechTeam\\src\\commands\\install.ts": {"lines":{"total":37,"covered":37,"skipped":0,"pct":100},"functions":{"total":1,"covered":1,"skipped":0,"pct":100},"statements":{"total":37,"covered":37,"skipped":0,"pct":100},"branches":{"total":10,"covered":9,"skipped":0,"pct":90}}
,"C:\\Users\\xiangjie.liu\\Desktop\\Personal\\My-Virtual-TechTeam\\src\\commands\\shared.ts": {"lines":{"total":1,"covered":1,"skipped":0,"pct":100},"functions":{"total":0,"covered":0,"skipped":0,"pct":100},"statements":{"total":1,"covered":1,"skipped":0,"pct":100},"branches":{"total":0,"covered":0,"skipped":0,"pct":100}}
,"C:\\Users\\xiangjie.liu\\Desktop\\Personal\\My-Virtual-TechTeam\\src\\commands\\uninstall.ts": {"lines":{"total":35,"covered":35,"skipped":0,"pct":100},"functions":{"total":1,"covered":1,"skipped":0,"pct":100},"statements":{"total":35,"covered":35,"skipped":0,"pct":100},"branches":{"total":11,"covered":11,"skipped":0,"pct":100}}
,"C:\\Users\\xiangjie.liu\\Desktop\\Personal\\My-Virtual-TechTeam\\src\\commands\\update.ts": {"lines":{"total":49,"covered":24,"skipped":0,"pct":48.97},"functions":{"total":1,"covered":1,"skipped":0,"pct":100},"statements":{"total":49,"covered":24,"skipped":0,"pct":48.97},"branches":{"total":6,"covered":4,"skipped":0,"pct":66.66}}
,"C:\\Users\\xiangjie.liu\\Desktop\\Personal\\My-Virtual-TechTeam\\src\\fs\\hash.ts": {"lines":{"total":8,"covered":8,"skipped":0,"pct":100},"functions":{"total":2,"covered":2,"skipped":0,"pct":100},"statements":{"total":8,"covered":8,"skipped":0,"pct":100},"branches":{"total":2,"covered":2,"skipped":0,"pct":100}}
,"C:\\Users\\xiangjie.liu\\Desktop\\Personal\\My-Virtual-TechTeam\\src\\fs\\install-manifest.ts": {"lines":{"total":32,"covered":32,"skipped":0,"pct":100},"functions":{"total":3,"covered":3,"skipped":0,"pct":100},"statements":{"total":32,"covered":32,"skipped":0,"pct":100},"branches":{"total":8,"covered":8,"skipped":0,"pct":100}}
,"C:\\Users\\xiangjie.liu\\Desktop\\Personal\\My-Virtual-TechTeam\\src\\fs\\materialize.ts": {"lines":{"total":107,"covered":107,"skipped":0,"pct":100},"functions":{"total":2,"covered":2,"skipped":0,"pct":100},"statements":{"total":107,"covered":107,"skipped":0,"pct":100},"branches":{"total":14,"covered":11,"skipped":0,"pct":78.57}}
,"C:\\Users\\xiangjie.liu\\Desktop\\Personal\\My-Virtual-TechTeam\\src\\util\\color.ts": {"lines":{"total":12,"covered":12,"skipped":0,"pct":100},"functions":{"total":7,"covered":7,"skipped":0,"pct":100},"statements":{"total":12,"covered":12,"skipped":0,"pct":100},"branches":{"total":9,"covered":7,"skipped":0,"pct":77.77}}
,"C:\\Users\\xiangjie.liu\\Desktop\\Personal\\My-Virtual-TechTeam\\src\\util\\package.ts": {"lines":{"total":12,"covered":12,"skipped":0,"pct":100},"functions":{"total":2,"covered":2,"skipped":0,"pct":100},"statements":{"total":12,"covered":12,"skipped":0,"pct":100},"branches":{"total":2,"covered":2,"skipped":0,"pct":100}}
}
